<?xml version="1.0" encoding="UTF-8"?>
<beans xmlns="http://www.springframework.org/schema/beans"
       xmlns:xsi="http://www.w3.org/2001/XMLSchema-instance" xmlns:aop="http://www.springframework.org/schema/aop"
       xsi:schemaLocation="http://www.springframework.org/schema/beans
                           http://www.springframework.org/schema/beans/spring-beans.xsd http://www.springframework.org/schema/aop https://www.springframework.org/schema/aop/spring-aop.xsd">

    <bean id="myDataSource" class="org.springframework.jdbc.datasource.SimpleDriverDataSource">
        <property name="driverClass" value="org.mariadb.jdbc.Driver"/>
        <property name="url" value="jdbc:mariadb://localhost:63306/toby"/>
        <property name="username" value="jason"/>
        <property name="password" value="qwe123"/>
    </bean>

    <bean id="userDao" class="com.pplenty.studytoby.UserDaoJdbc">
        <constructor-arg name="dataSource" ref="myDataSource"/>
    </bean>

    <bean id="policy" class="com.pplenty.studytoby.UserLevelUpgradeEventPolicy"/>

    <bean id="mailSender" class="com.pplenty.studytoby.chapter05.UserServiceTest$MockMailSender"/>

    <bean id="userService" class="com.pplenty.studytoby.UserServiceImpl">
        <constructor-arg name="userDao" ref="userDao"/>
        <constructor-arg name="policy" ref="policy"/>
        <constructor-arg name="mailSender" ref="mailSender"/>
    </bean>

    <bean id="transactionManager" class="org.springframework.jdbc.datasource.DataSourceTransactionManager">
        <constructor-arg name="dataSource" ref="myDataSource"/>
    </bean>

    <bean id="transactionAdvice" class="org.springframework.transaction.interceptor.TransactionInterceptor">
        <property name="transactionManager" ref="transactionManager"/>
        <property name="transactionAttributes">
            <props>
                <prop key="get*">PROPAGATION_REQUIRED,readOnly,timeout_30</prop>
                <prop key="upgrade*">PROPAGATION_REQUIRES_NEW,ISOLATION_SERIALIZABLE</prop>
                <prop key="*">PROPAGATION_REQUIRED</prop>
            </props>
        </property>
    </bean>

    <aop:config>
        <aop:advisor advice-ref="transactionAdvice"
                     pointcut="execution(* *..*ServiceImpl.upgradeLevels*(..))"/>
    </aop:config>

    <bean id="testUserService" class="com.pplenty.studytoby.chapter05.TestUserService">
        <constructor-arg name="userDao" ref="userDao"/>
        <constructor-arg name="policy" ref="policy"/>
        <constructor-arg name="mailSender" ref="mailSender"/>
        <property name="id" value="kohyusik2"/>
    </bean>

</beans>