<?xml version="1.0" encoding="UTF-8"?>
<beans xmlns="http://www.springframework.org/schema/beans"
       xmlns:xsi="http://www.w3.org/2001/XMLSchema-instance"
       xsi:schemaLocation="http://www.springframework.org/schema/beans http://www.springframework.org/schema/beans/spring-beans.xsd">

    <bean id="myDataSource" class="org.springframework.jdbc.datasource.SimpleDriverDataSource">
        <property name="driverClass" value="org.mariadb.jdbc.Driver"/>
        <property name="url" value="jdbc:mariadb://localhost:63306/toby"/>
        <property name="username" value="jason"/>
        <property name="password" value="qwe123"/>
    </bean>

    <bean id="userDao" class="com.pplenty.studytoby.UserDaoJdbc">
        <constructor-arg name="dataSource" ref="myDataSource"/>
    </bean>

    <bean id="policy" class="com.pplenty.studytoby.UserLevelUpgradeEventPolicy"/>

    <bean id="transactionManager" class="org.springframework.jdbc.datasource.DataSourceTransactionManager">
        <constructor-arg name="dataSource" ref="myDataSource"/>
    </bean>

    <bean id="mailSender" class="com.pplenty.studytoby.chapter05.UserServiceTest$MockMailSender"/>

    <bean id="transactionAdvice" class="com.pplenty.studytoby.TransactionAdvice">
        <property name="transactionManager" ref="transactionManager"/>
    </bean>

    <bean id="transactionPointcut" class="org.springframework.aop.support.NameMatchMethodPointcut">
        <property name="mappedName" value="upgradeLevels*"/>
    </bean>

    <bean id="transactionAdvisor" class="org.springframework.aop.support.DefaultPointcutAdvisor">
        <property name="advice" ref="transactionAdvice"/>
        <property name="pointcut" ref="transactionPointcut"/>
    </bean>

    <bean id="userService" class="org.springframework.aop.framework.ProxyFactoryBean">
        <property name="target" ref="userServiceImpl"/>
        <property name="interceptorNames">
            <list>
                <value>transactionAdvisor</value>
            </list>
        </property>
    </bean>

    <bean id="userServiceImpl" class="com.pplenty.studytoby.UserServiceImpl">
        <constructor-arg name="userDao" ref="userDao"/>
        <constructor-arg name="policy" ref="policy"/>
        <constructor-arg name="mailSender" ref="mailSender"/>
    </bean>

    <bean id="testUserService" class="org.springframework.aop.framework.ProxyFactoryBean">
        <property name="target" ref="testUserServiceImpl"/>
        <property name="interceptorNames">
            <list>
                <value>transactionAdvisor</value>
            </list>
        </property>
    </bean>

    <bean id="testUserServiceImpl" class="com.pplenty.studytoby.chapter05.TestUserService">
        <constructor-arg name="userDao" ref="userDao"/>
        <constructor-arg name="policy" ref="policy"/>
        <constructor-arg name="mailSender" ref="mailSender"/>
        <property name="id" value="kohyusik2"/>
    </bean>

</beans>