<?xml version="1.0" encoding="UTF-8"?>
<beans xmlns="http://www.springframework.org/schema/beans"
       xmlns:xsi="http://www.w3.org/2001/XMLSchema-instance" xmlns:aop="http://www.springframework.org/schema/aop"
       xmlns:tx="http://www.springframework.org/schema/tx"
       xsi:schemaLocation="http://www.springframework.org/schema/beans
                           http://www.springframework.org/schema/beans/spring-beans.xsd http://www.springframework.org/schema/aop https://www.springframework.org/schema/aop/spring-aop.xsd http://www.springframework.org/schema/tx http://www.springframework.org/schema/tx/spring-tx.xsd">

    <bean id="myDataSource" class="org.springframework.jdbc.datasource.SimpleDriverDataSource">
        <property name="driverClass" value="org.mariadb.jdbc.Driver"/>
        <property name="url" value="jdbc:mariadb://localhost:63306/toby"/>
        <property name="username" value="jason"/>
        <property name="password" value="qwe123"/>
    </bean>

    <bean id="userDao" class="com.pplenty.studytoby.UserDaoJdbc">
        <constructor-arg name="dataSource" ref="myDataSource"/>
        <property name="sqlMap">
            <map>
                <entry key="add"
                       value="insert into toby.users(id, name, password, email, level, login, recommend) values(?, ?, ?, ?, ?, ?, ?)"/>
                <entry key="deleteAll" value="delete from toby.users"/>
                <entry key="update"
                       value="update toby.users set name = ?, password = ?, email = ?, level = ?, login = ?, recommend = ? where id = ?"/>
                <entry key="getCount" value="select count(*) from toby.users"/>
                <entry key="get" value="select * from toby.users where id = ?"/>
                <entry key="getAll" value="select * from toby.users order by id"/>
            </map>
        </property>
    </bean>

    <bean id="policy" class="com.pplenty.studytoby.UserLevelUpgradeEventPolicy"/>

    <bean id="mailSender" class="com.pplenty.studytoby.chapter05.UserServiceTest$MockMailSender"/>

    <bean id="userService" class="com.pplenty.studytoby.UserServiceImpl">
        <constructor-arg name="userDao" ref="userDao"/>
        <constructor-arg name="policy" ref="policy"/>
        <constructor-arg name="mailSender" ref="mailSender"/>
    </bean>

    <bean id="transactionManager" class="org.springframework.jdbc.datasource.DataSourceTransactionManager">
        <constructor-arg name="dataSource" ref="myDataSource"/>
    </bean>

    <tx:advice id="transactionAdvice">
        <tx:attributes>
            <tx:method name="get*" read-only="true"/>
            <tx:method name="*"/>
        </tx:attributes>
    </tx:advice>

    <aop:config>
        <aop:advisor advice-ref="transactionAdvice"
                     pointcut="bean(*Service)"/>
    </aop:config>

    <bean id="testUserService" class="com.pplenty.studytoby.chapter05.TestUserService">
        <constructor-arg name="userDao" ref="userDao"/>
        <constructor-arg name="policy" ref="policy"/>
        <constructor-arg name="mailSender" ref="mailSender"/>
        <property name="id" value="kohyusik2"/>
    </bean>

    <tx:annotation-driven/>

</beans>